
-------------5.5读写文件-------------

-------------加载和保存张量-------------

-------------存储⼀个张量列表，然后把它们读回内存-------------
tensor([0, 1, 2, 3]) tensor([0., 0., 0., 0.])

-------------以写⼊或读取从字符串映射到张量的字典-------------
{'x': tensor([0, 1, 2, 3]), 'y': tensor([0., 0., 0., 0.])}

------------- 5.5.2 加载和保存模型参数 -------------
MLP(
  (hidden): Linear(in_features=20, out_features=256, bias=True)
  (output): Linear(in_features=256, out_features=10, bias=True)
)

------------- -------------

------------- -------------

------------- -------------

------------- -------------

------------- -------------

------------- -------------

------------- -------------

------------- -------------

------------- -------------

------------- -------------
